Crashlog created at 2013-01-18 10:01:03 +0100

=== MESSAGE:

Compass::Error: Configuration file, config/compass.rb, not found or not readable.

=== COMPILATION STACK:

  (empty)

=== BACKTRACE:

  0. /Users/simonwalther/.rvm/gems/ruby-1.9.3-p286/gems/compass-0.12.2/lib/compass/configuration/serialization.rb:12:in `_parse'
  1. /Users/simonwalther/.rvm/gems/ruby-1.9.3-p286/gems/compass-0.12.2/lib/compass/configuration/file_data.rb:7:in `block in new_from_file'
  2. /Users/simonwalther/.rvm/gems/ruby-1.9.3-p286/gems/compass-0.12.2/lib/compass/configuration/inheritance.rb:204:in `with_defaults'
  3. /Users/simonwalther/.rvm/gems/ruby-1.9.3-p286/gems/compass-0.12.2/lib/compass/configuration/file_data.rb:6:in `new_from_file'
  4. /Users/simonwalther/.rvm/gems/ruby-1.9.3-p286/gems/compass-0.12.2/lib/compass/configuration/helpers.rb:42:in `configuration_for'
  5. /Users/simonwalther/.rvm/gems/ruby-1.9.3-p286/gems/compass-0.12.2/lib/compass/configuration/helpers.rb:97:in `add_project_configuration'
  6. ./Rules:18:in `load'
  7. /Users/simonwalther/.rvm/gems/ruby-1.9.3-p286/gems/nanoc-3.4.2/lib/nanoc/base/compilation/rules_collection.rb:78:in `instance_eval'
  8. /Users/simonwalther/.rvm/gems/ruby-1.9.3-p286/gems/nanoc-3.4.2/lib/nanoc/base/compilation/rules_collection.rb:78:in `load'
  9. /Users/simonwalther/.rvm/gems/ruby-1.9.3-p286/gems/nanoc-3.4.2/lib/nanoc/base/compilation/compiler.rb:115:in `load'
  10. /Users/simonwalther/.rvm/gems/ruby-1.9.3-p286/gems/nanoc-3.4.2/lib/nanoc/base/compilation/compiler.rb:82:in `run'
  11. /Users/simonwalther/.rvm/gems/ruby-1.9.3-p286/gems/nanoc-3.4.2/lib/nanoc/base/source_data/site.rb:58:in `compile'
  12. /Users/simonwalther/.rvm/gems/ruby-1.9.3-p286/gems/nanoc-3.4.2/lib/nanoc/cli/commands/compile.rb:62:in `run'
  13. /Users/simonwalther/.rvm/gems/ruby-1.9.3-p286/gems/nanoc-3.4.2/lib/nanoc/cli/command_runner.rb:14:in `block in call'
  14. /Users/simonwalther/.rvm/gems/ruby-1.9.3-p286/gems/nanoc-3.4.2/lib/nanoc/cli/error_handler.rb:63:in `handle_while'
  15. /Users/simonwalther/.rvm/gems/ruby-1.9.3-p286/gems/nanoc-3.4.2/lib/nanoc/cli/error_handler.rb:26:in `handle_while'
  16. /Users/simonwalther/.rvm/gems/ruby-1.9.3-p286/gems/nanoc-3.4.2/lib/nanoc/cli/command_runner.rb:13:in `call'
  17. /Users/simonwalther/.rvm/gems/ruby-1.9.3-p286/gems/cri-2.3.0/lib/cri/command_dsl.rb:185:in `block in runner'
  18. /Users/simonwalther/.rvm/gems/ruby-1.9.3-p286/gems/cri-2.3.0/lib/cri/command.rb:296:in `call'
  19. /Users/simonwalther/.rvm/gems/ruby-1.9.3-p286/gems/cri-2.3.0/lib/cri/command.rb:296:in `run_this'
  20. /Users/simonwalther/.rvm/gems/ruby-1.9.3-p286/gems/cri-2.3.0/lib/cri/command.rb:249:in `run'
  21. /Users/simonwalther/.rvm/gems/ruby-1.9.3-p286/gems/cri-2.3.0/lib/cri/command.rb:262:in `run'
  22. /Users/simonwalther/.rvm/gems/ruby-1.9.3-p286/gems/nanoc-3.4.2/lib/nanoc/cli.rb:52:in `block in run'
  23. /Users/simonwalther/.rvm/gems/ruby-1.9.3-p286/gems/nanoc-3.4.2/lib/nanoc/cli/error_handler.rb:63:in `handle_while'
  24. /Users/simonwalther/.rvm/gems/ruby-1.9.3-p286/gems/nanoc-3.4.2/lib/nanoc/cli/error_handler.rb:26:in `handle_while'
  25. /Users/simonwalther/.rvm/gems/ruby-1.9.3-p286/gems/nanoc-3.4.2/lib/nanoc/cli.rb:50:in `run'
  26. /Users/simonwalther/.rvm/gems/ruby-1.9.3-p286/gems/nanoc-3.4.2/bin/nanoc:19:in `<top (required)>'
  27. /Users/simonwalther/.rvm/gems/ruby-1.9.3-p286/bin/nanoc:19:in `load'
  28. /Users/simonwalther/.rvm/gems/ruby-1.9.3-p286/bin/nanoc:19:in `<main>'
  29. /Users/simonwalther/.rvm/gems/ruby-1.9.3-p286/bin/ruby_noexec_wrapper:14:in `eval'
  30. /Users/simonwalther/.rvm/gems/ruby-1.9.3-p286/bin/ruby_noexec_wrapper:14:in `<main>'

=== VERSION INFORMATION:

nanoc 3.4.2 © 2007-2012 Denis Defreyne.
Running ruby 1.9.3 (2012-10-12) on x86_64-darwin11.4.2 with RubyGems 1.8.24.

=== SYSTEM INFORMATION:

Darwin Simons-Mac-mini.local 11.4.2 Darwin Kernel Version 11.4.2: Thu Aug 23 16:25:48 PDT 2012; root:xnu-1699.32.7~1/RELEASE_X86_64 x86_64

=== INSTALLED GEMS:

  bundler 1.2.1
  chunky_png 1.2.6
  colored 1.2
  compass 0.12.2
  cri 2.3.0
  fssm 0.2.9
  i18n 0.6.1
  mail 2.5.3
  mime-types 1.19
  nanoc 3.4.2
  polyglot 0.3.3
  pony 1.4
  rack 1.2.1
  sass 3.2.1
  sinatra 1.2.8
  tilt 1.3.3
  treetop 1.4.12

=== ENVIRONMENT:

Apple_PubSub_Socket_Render => "/tmp/launch-qDS8bd/Render"
Apple_Ubiquity_Message => "/tmp/launch-juOdAo/Apple_Ubiquity_Message"
BUNDLE_BIN_PATH => "/Users/simonwalther/.rvm/gems/ruby-1.9.3-p286/gems/bundler-1.2.1/bin/bundle"
BUNDLE_GEMFILE => "/Users/simonwalther/Development/Clients/ContactAuto-Moto/website/Gemfile"
COLORFGBG => "7;0"
COMMAND_MODE => "unix2003"
DISPLAY => "/tmp/launch-KBz51m/org.x:0"
EDITOR => "mvim"
GEM_HOME => "/Users/simonwalther/.rvm/gems/ruby-1.9.3-p286"
GEM_PATH => "/Users/simonwalther/.rvm/gems/ruby-1.9.3-p286:/Users/simonwalther/.rvm/gems/ruby-1.9.3-p286@global"
GIT_EDITOR => "mvim -f -c 'au VimLeave * !open -a iTerm'"
HOME => "/Users/simonwalther"
IRBRC => "/Users/simonwalther/.rvm/rubies/ruby-1.9.3-p286/.irbrc"
ITERM_PROFILE => "Default"
ITERM_SESSION_ID => "w0t0p0"
LC_CTYPE => "UTF-8"
LOGNAME => "simonwalther"
MY_RUBY_HOME => "/Users/simonwalther/.rvm/rubies/ruby-1.9.3-p286"
OLDPWD => "/Users/simonwalther/Development/Clients/ContactAuto-Moto"
PATH => "/Users/simonwalther/.rvm/gems/ruby-1.9.3-p286/bin:/Users/simonwalther/.rvm/gems/ruby-1.9.3-p286@global/bin:/Users/simonwalther/.rvm/rubies/ruby-1.9.3-p286/bin:/Users/simonwalther/.rvm/bin:~/bin:/usr/local/bin:/usr/bin:/bin:/usr/sbin:/sbin:/usr/X11/bin"
PWD => "/Users/simonwalther/Development/Clients/ContactAuto-Moto/website"
RACK_ENV => "development"
RAILS_ENV => "development"
RUBYOPT => "-I/Users/simonwalther/.rvm/gems/ruby-1.9.3-p286/gems/bundler-1.2.1/lib -rbundler/setup"
RUBY_VERSION => "ruby-1.9.3-p286"
SHELL => "/bin/bash"
SHLVL => "1"
SIGNED_COOKIE_SECRET_TOKEN => "bc84357593086ce26e825f80ab48d4d7a1b09a6306ed04801f1494d9b7e92ded0f93001012aa29ae59a76ef573f8d76efe05226e0d16fb4d8769ead18ad8ab12"
SSH_AUTH_SOCK => "/tmp/launch-vK7AKS/Listeners"
TERM => "xterm-256color"
TERM_PROGRAM => "iTerm.app"
TMPDIR => "/var/folders/5s/ccw2x0nj4wddkwd2xmm3g2wm0000gn/T/"
USER => "simonwalther"
_ => "/Users/simonwalther/.rvm/gems/ruby-1.9.3-p286/bin/nanoc"
_ORIGINAL_GEM_PATH => "/Users/simonwalther/.rvm/gems/ruby-1.9.3-p286:/Users/simonwalther/.rvm/gems/ruby-1.9.3-p286@global"
__CF_USER_TEXT_ENCODING => "0x1F5:0:0"
__array_start => "0"
_first => "0"
_second => "1"
escape_flag => "1"
rvm_bin_path => "/Users/simonwalther/.rvm/bin"
rvm_path => "/Users/simonwalther/.rvm"
rvm_prefix => "/Users/simonwalther"
rvm_version => "1.16.16 (stable)"

=== GEMFILE.LOCK:

GEM
  remote: http://rubygems.org/
  specs:
    chunky_png (1.2.6)
    colored (1.2)
    compass (0.12.2)
      chunky_png (~> 1.2)
      fssm (>= 0.2.7)
      sass (~> 3.1)
    cri (2.3.0)
      colored (>= 1.2)
    fssm (0.2.9)
    i18n (0.6.1)
    mail (2.5.3)
      i18n (>= 0.4.0)
      mime-types (~> 1.16)
      treetop (~> 1.4.8)
    mime-types (1.19)
    nanoc (3.4.2)
      cri (~> 2.2)
    polyglot (0.3.3)
    pony (1.4)
      mail (> 2.0)
    rack (1.2.1)
    sass (3.2.1)
    sinatra (1.2.8)
      rack (~> 1.1)
      tilt (>= 1.2.2, < 2.0)
    tilt (1.3.3)
    treetop (1.4.12)
      polyglot
      polyglot (>= 0.3.1)

PLATFORMS
  ruby

DEPENDENCIES
  compass
  nanoc
  pony
  rack (= 1.2.1)
  sass (= 3.2.1)
  sinatra

=== $LOAD_PATH:

  0. /Users/simonwalther/.rvm/gems/ruby-1.9.3-p286/gems/nanoc-3.4.2/lib
  1. /Users/simonwalther/.rvm/gems/ruby-1.9.3-p286/gems/sinatra-1.2.8/lib
  2. /Users/simonwalther/.rvm/gems/ruby-1.9.3-p286/gems/tilt-1.3.3/lib
  3. /Users/simonwalther/.rvm/gems/ruby-1.9.3-p286/gems/rack-1.2.1/lib
  4. /Users/simonwalther/.rvm/gems/ruby-1.9.3-p286/gems/pony-1.4/lib
  5. /Users/simonwalther/.rvm/gems/ruby-1.9.3-p286/gems/nanoc-3.4.2/lib
  6. /Users/simonwalther/.rvm/gems/ruby-1.9.3-p286/gems/mail-2.5.3/lib
  7. /Users/simonwalther/.rvm/gems/ruby-1.9.3-p286/gems/treetop-1.4.12/lib
  8. /Users/simonwalther/.rvm/gems/ruby-1.9.3-p286/gems/polyglot-0.3.3/lib
  9. /Users/simonwalther/.rvm/gems/ruby-1.9.3-p286/gems/mime-types-1.19/lib
  10. /Users/simonwalther/.rvm/gems/ruby-1.9.3-p286/gems/i18n-0.6.1/lib
  11. /Users/simonwalther/.rvm/gems/ruby-1.9.3-p286/gems/cri-2.3.0/lib
  12. /Users/simonwalther/.rvm/gems/ruby-1.9.3-p286/gems/compass-0.12.2/lib
  13. /Users/simonwalther/.rvm/gems/ruby-1.9.3-p286/gems/sass-3.2.1/lib
  14. /Users/simonwalther/.rvm/gems/ruby-1.9.3-p286/gems/fssm-0.2.9/lib
  15. /Users/simonwalther/.rvm/gems/ruby-1.9.3-p286/gems/colored-1.2/lib
  16. /Users/simonwalther/.rvm/gems/ruby-1.9.3-p286/gems/chunky_png-1.2.6/lib
  17. /Users/simonwalther/.rvm/gems/ruby-1.9.3-p286/gems/bundler-1.2.1/lib
  18. /Users/simonwalther/.rvm/rubies/ruby-1.9.3-p286/lib/ruby/site_ruby/1.9.1
  19. /Users/simonwalther/.rvm/rubies/ruby-1.9.3-p286/lib/ruby/site_ruby/1.9.1/x86_64-darwin11.4.2
  20. /Users/simonwalther/.rvm/rubies/ruby-1.9.3-p286/lib/ruby/site_ruby
  21. /Users/simonwalther/.rvm/rubies/ruby-1.9.3-p286/lib/ruby/vendor_ruby/1.9.1
  22. /Users/simonwalther/.rvm/rubies/ruby-1.9.3-p286/lib/ruby/vendor_ruby/1.9.1/x86_64-darwin11.4.2
  23. /Users/simonwalther/.rvm/rubies/ruby-1.9.3-p286/lib/ruby/vendor_ruby
  24. /Users/simonwalther/.rvm/rubies/ruby-1.9.3-p286/lib/ruby/1.9.1
  25. /Users/simonwalther/.rvm/rubies/ruby-1.9.3-p286/lib/ruby/1.9.1/x86_64-darwin11.4.2
